This file was calculated on ieng6;  there is a random number generator in main1.cpp
that may provide differing sample values.  The random number generator is initialized
with a constant value 1234.   Using the time(0) result will give differing 
results as well.   the table size here is 257.   The Figure 4 results on the assignment
handout were calculated on an iMac using time(0).

0.000000   1.000000   1.000000   1.000000   Brent hashing with one passbit
0.003891   1.000000   1.000000   1.000000   Brent hashing with one passbit
0.007782   1.004250   1.000033   1.000033   Brent hashing with one passbit
0.011673   1.004167   1.000049   1.000049   Brent hashing with one passbit
0.015564   1.005875   1.000090   1.000090   Brent hashing with one passbit
0.019455   1.008700   1.000170   1.000169   Brent hashing with one passbit
0.023346   1.010083   1.000236   1.000235   Brent hashing with one passbit
0.027237   1.013071   1.000354   1.000352   Brent hashing with one passbit
0.031128   1.015062   1.000469   1.000467   Brent hashing with one passbit
0.035019   1.016500   1.000576   1.000574   Brent hashing with one passbit
0.038911   1.016850   1.000657   1.000654   Brent hashing with one passbit
0.042802   1.019682   1.000838   1.000835   Brent hashing with one passbit
0.046693   1.022875   1.001052   1.001048   Brent hashing with one passbit
0.050584   1.024577   1.001222   1.001217   Brent hashing with one passbit
0.054475   1.025857   1.001392   1.001387   Brent hashing with one passbit
0.058366   1.028267   1.001635   1.001629   Brent hashing with one passbit
0.062257   1.028969   1.001780   1.001773   Brent hashing with one passbit
0.066148   1.029059   1.001897   1.001890   Brent hashing with one passbit
0.070039   1.033083   1.002268   1.002259   Brent hashing with one passbit
0.073930   1.036421   1.002631   1.002621   Brent hashing with one passbit
0.077821   1.036650   1.002799   1.002788   Brent hashing with one passbit
0.081712   1.037786   1.003029   1.003017   Brent hashing with one passbit
0.085603   1.040114   1.003364   1.003351   Brent hashing with one passbit
0.089494   1.044522   1.003894   1.003879   Brent hashing with one passbit
0.093385   1.045729   1.004182   1.004165   Brent hashing with one passbit
0.097276   1.045620   1.004338   1.004321   Brent hashing with one passbit
0.101167   1.049385   1.004890   1.004871   Brent hashing with one passbit
0.105058   1.050500   1.005179   1.005159   Brent hashing with one passbit
0.108949   1.052464   1.005581   1.005559   Brent hashing with one passbit
0.112840   1.054810   1.006039   1.006016   Brent hashing with one passbit
0.116732   1.057250   1.006521   1.006496   Brent hashing with one passbit
0.120623   1.058726   1.006903   1.006876   Brent hashing with one passbit
0.124514   1.061078   1.007392   1.007363   Brent hashing with one passbit
0.128405   1.063500   1.007912   1.007882   Brent hashing with one passbit
0.132296   1.065191   1.008418   1.008386   Brent hashing with one passbit
0.136187   1.066271   1.008799   1.008765   Brent hashing with one passbit
0.140078   1.068667   1.009330   1.009294   Brent hashing with one passbit
0.143969   1.071203   1.009960   1.009921   Brent hashing with one passbit
0.147860   1.073803   1.010563   1.010522   Brent hashing with one passbit
0.151751   1.073923   1.010858   1.010815   Brent hashing with one passbit
0.155642   1.075775   1.011439   1.011394   Brent hashing with one passbit
0.159533   1.079012   1.012220   1.012172   Brent hashing with one passbit
0.163424   1.081667   1.012935   1.012884   Brent hashing with one passbit
0.167315   1.082802   1.013390   1.013337   Brent hashing with one passbit
0.171206   1.084625   1.013973   1.013918   Brent hashing with one passbit
0.175097   1.086111   1.014568   1.014511   Brent hashing with one passbit
0.178988   1.089141   1.015215   1.015155   Brent hashing with one passbit
0.182879   1.091734   1.016145   1.016081   Brent hashing with one passbit
0.186770   1.091937   1.016526   1.016461   Brent hashing with one passbit
0.190661   1.093643   1.017117   1.017050   Brent hashing with one passbit
0.194553   1.098310   1.018351   1.018279   Brent hashing with one passbit
0.198444   1.097912   1.018604   1.018530   Brent hashing with one passbit
0.202335   1.100990   1.019612   1.019534   Brent hashing with one passbit
0.206226   1.101698   1.020120   1.020040   Brent hashing with one passbit
0.210117   1.104796   1.021082   1.020998   Brent hashing with one passbit
0.214008   1.107927   1.022065   1.021978   Brent hashing with one passbit
0.217899   1.110009   1.022876   1.022784   Brent hashing with one passbit
0.221790   1.111237   1.023531   1.023437   Brent hashing with one passbit
0.225681   1.112543   1.024306   1.024209   Brent hashing with one passbit
0.229572   1.117034   1.025717   1.025614   Brent hashing with one passbit
0.233463   1.117850   1.026234   1.026130   Brent hashing with one passbit
0.237354   1.120459   1.027251   1.027142   Brent hashing with one passbit
0.241245   1.122177   1.028100   1.027988   Brent hashing with one passbit
0.245136   1.123175   1.028803   1.028688   Brent hashing with one passbit
0.249027   1.127914   1.030373   1.030252   Brent hashing with one passbit
0.252918   1.128169   1.030992   1.030868   Brent hashing with one passbit
0.256809   1.132220   1.032319   1.032191   Brent hashing with one passbit
0.260700   1.132679   1.032914   1.032783   Brent hashing with one passbit
0.264591   1.134713   1.033951   1.033815   Brent hashing with one passbit
0.268482   1.138797   1.035405   1.035265   Brent hashing with one passbit
0.272374   1.137986   1.035631   1.035487   Brent hashing with one passbit
0.276265   1.143000   1.037474   1.037324   Brent hashing with one passbit
0.280156   1.143153   1.038196   1.038042   Brent hashing with one passbit
0.284047   1.145767   1.039385   1.039225   Brent hashing with one passbit
0.287938   1.147223   1.040212   1.040051   Brent hashing with one passbit
0.291829   1.148340   1.041106   1.040940   Brent hashing with one passbit
0.295720   1.154105   1.043408   1.043234   Brent hashing with one passbit
0.299611   1.154896   1.043996   1.043818   Brent hashing with one passbit
0.303502   1.156410   1.045201   1.045018   Brent hashing with one passbit
0.307393   1.159247   1.046545   1.046358   Brent hashing with one passbit
0.311284   1.161606   1.047856   1.047664   Brent hashing with one passbit
0.315175   1.163290   1.048967   1.048769   Brent hashing with one passbit
0.319066   1.165951   1.050147   1.049944   Brent hashing with one passbit
0.322957   1.168398   1.051427   1.051219   Brent hashing with one passbit
0.326848   1.170173   1.052664   1.052451   Brent hashing with one passbit
0.330739   1.174371   1.054702   1.054479   Brent hashing with one passbit
0.334630   1.174512   1.055286   1.055059   Brent hashing with one passbit
0.338521   1.176874   1.056765   1.056533   Brent hashing with one passbit
0.342412   1.179466   1.058212   1.057975   Brent hashing with one passbit
0.346304   1.181680   1.059554   1.059310   Brent hashing with one passbit
0.350195   1.184650   1.061119   1.060866   Brent hashing with one passbit
0.354086   1.187626   1.062818   1.062558   Brent hashing with one passbit
0.357977   1.189989   1.064352   1.064086   Brent hashing with one passbit
0.361868   1.191978   1.065727   1.065461   Brent hashing with one passbit
0.365759   1.192372   1.066524   1.066252   Brent hashing with one passbit
0.369650   1.198089   1.069257   1.068973   Brent hashing with one passbit
0.373541   1.197380   1.069899   1.069611   Brent hashing with one passbit
0.377432   1.198840   1.071070   1.070774   Brent hashing with one passbit
0.381323   1.204342   1.073758   1.073458   Brent hashing with one passbit
0.385214   1.206253   1.075379   1.075067   Brent hashing with one passbit
0.389105   1.207385   1.076499   1.076182   Brent hashing with one passbit
0.392996   1.211391   1.078563   1.078239   Brent hashing with one passbit
0.396887   1.212015   1.079734   1.079400   Brent hashing with one passbit
0.400778   1.217063   1.082641   1.082297   Brent hashing with one passbit
0.404669   1.218731   1.084018   1.083673   Brent hashing with one passbit
0.408560   1.221443   1.085618   1.085261   Brent hashing with one passbit
0.412451   1.224788   1.087923   1.087558   Brent hashing with one passbit
0.416342   1.224958   1.088938   1.088573   Brent hashing with one passbit
0.420233   1.228259   1.091013   1.090635   Brent hashing with one passbit
0.424125   1.230330   1.092733   1.092349   Brent hashing with one passbit
0.428016   1.232532   1.094657   1.094266   Brent hashing with one passbit
0.431907   1.235847   1.096585   1.096183   Brent hashing with one passbit
0.435798   1.238643   1.098838   1.098427   Brent hashing with one passbit
0.439689   1.242301   1.101220   1.100793   Brent hashing with one passbit
0.443580   1.243338   1.102744   1.102323   Brent hashing with one passbit
0.447471   1.246226   1.104727   1.104285   Brent hashing with one passbit
0.451362   1.248884   1.106528   1.106085   Brent hashing with one passbit
0.455253   1.251457   1.108968   1.108513   Brent hashing with one passbit
0.459144   1.255157   1.111203   1.110739   Brent hashing with one passbit
0.463035   1.256210   1.112746   1.112273   Brent hashing with one passbit
0.466926   1.259558   1.115471   1.114994   Brent hashing with one passbit
0.470817   1.262740   1.117924   1.117421   Brent hashing with one passbit
0.474708   1.265795   1.120100   1.119598   Brent hashing with one passbit
0.478599   1.267138   1.122058   1.121542   Brent hashing with one passbit
0.482490   1.270431   1.124592   1.124070   Brent hashing with one passbit
0.486381   1.273260   1.126769   1.126232   Brent hashing with one passbit
0.490272   1.276829   1.129770   1.129219   Brent hashing with one passbit
0.494163   1.279256   1.131524   1.130967   Brent hashing with one passbit
0.498054   1.282445   1.134731   1.134155   Brent hashing with one passbit
0.501946   1.286302   1.137221   1.136646   Brent hashing with one passbit
0.505837   1.286319   1.138239   1.137647   Brent hashing with one passbit
0.509728   1.288989   1.141046   1.140446   Brent hashing with one passbit
0.513619   1.290924   1.143010   1.142398   Brent hashing with one passbit
0.517510   1.294109   1.145667   1.145046   Brent hashing with one passbit
0.521401   1.298444   1.149145   1.148496   Brent hashing with one passbit
0.525292   1.302456   1.152721   1.152067   Brent hashing with one passbit
0.529183   1.307121   1.156459   1.155783   Brent hashing with one passbit
0.533074   1.307602   1.157199   1.156515   Brent hashing with one passbit
0.536965   1.312942   1.161975   1.161269   Brent hashing with one passbit
0.540856   1.313388   1.163618   1.162918   Brent hashing with one passbit
0.544747   1.318036   1.167193   1.166480   Brent hashing with one passbit
0.548638   1.320028   1.169151   1.168425   Brent hashing with one passbit
0.552529   1.323423   1.172134   1.171369   Brent hashing with one passbit
0.556420   1.327829   1.175731   1.174980   Brent hashing with one passbit
0.560311   1.330590   1.178747   1.177984   Brent hashing with one passbit
0.564202   1.332048   1.181421   1.180630   Brent hashing with one passbit
0.568093   1.335486   1.184640   1.183848   Brent hashing with one passbit
0.571984   1.338820   1.187641   1.186823   Brent hashing with one passbit
0.575875   1.341014   1.190428   1.189595   Brent hashing with one passbit
0.579767   1.346285   1.195152   1.194291   Brent hashing with one passbit
0.583658   1.349293   1.199023   1.198157   Brent hashing with one passbit
0.587549   1.352520   1.200980   1.200108   Brent hashing with one passbit
0.591440   1.355339   1.205313   1.204411   Brent hashing with one passbit
0.595331   1.358193   1.207961   1.207041   Brent hashing with one passbit
0.599222   1.362802   1.212611   1.211657   Brent hashing with one passbit
0.603113   1.366587   1.215711   1.214728   Brent hashing with one passbit
0.607004   1.370205   1.220483   1.219498   Brent hashing with one passbit
0.610895   1.372252   1.223170   1.222167   Brent hashing with one passbit
0.614786   1.376500   1.227257   1.226224   Brent hashing with one passbit
0.618677   1.380170   1.231009   1.229973   Brent hashing with one passbit
0.622568   1.383578   1.235291   1.234245   Brent hashing with one passbit
0.626459   1.387981   1.239305   1.238230   Brent hashing with one passbit
0.630350   1.392423   1.243632   1.242555   Brent hashing with one passbit
0.634241   1.393926   1.246936   1.245836   Brent hashing with one passbit
0.638132   1.398948   1.251674   1.250536   Brent hashing with one passbit
0.642023   1.400518   1.254896   1.253773   Brent hashing with one passbit
0.645914   1.406867   1.259999   1.258814   Brent hashing with one passbit
0.649805   1.411257   1.264815   1.263618   Brent hashing with one passbit
0.653696   1.414152   1.269604   1.268371   Brent hashing with one passbit
0.657588   1.416855   1.273017   1.271774   Brent hashing with one passbit
0.661479   1.420368   1.278221   1.276961   Brent hashing with one passbit
0.665370   1.424319   1.282437   1.281155   Brent hashing with one passbit
0.669261   1.429831   1.288598   1.287278   Brent hashing with one passbit
0.673152   1.433555   1.293071   1.291725   Brent hashing with one passbit
0.677043   1.437282   1.297452   1.296104   Brent hashing with one passbit
0.680934   1.440826   1.302188   1.300799   Brent hashing with one passbit
0.684825   1.447185   1.310014   1.308578   Brent hashing with one passbit
0.688716   1.450494   1.313360   1.311933   Brent hashing with one passbit
0.692607   1.451674   1.316146   1.314691   Brent hashing with one passbit
0.696498   1.457869   1.322550   1.321024   Brent hashing with one passbit
0.700389   1.463842   1.330702   1.329158   Brent hashing with one passbit
0.704280   1.465356   1.334349   1.332767   Brent hashing with one passbit
0.708171   1.473920   1.341771   1.340185   Brent hashing with one passbit
0.712062   1.475566   1.345548   1.343962   Brent hashing with one passbit
0.715953   1.480715   1.352203   1.350570   Brent hashing with one passbit
0.719844   1.487781   1.360515   1.358843   Brent hashing with one passbit
0.723735   1.488728   1.362814   1.361090   Brent hashing with one passbit
0.727626   1.493845   1.370663   1.368863   Brent hashing with one passbit
0.731518   1.499766   1.378264   1.376460   Brent hashing with one passbit
0.735409   1.503212   1.383107   1.381296   Brent hashing with one passbit
0.739300   1.508758   1.391486   1.389635   Brent hashing with one passbit
0.743191   1.514071   1.398279   1.396373   Brent hashing with one passbit
0.747082   1.518008   1.404276   1.402264   Brent hashing with one passbit
0.750973   1.525746   1.413102   1.411080   Brent hashing with one passbit
0.754864   1.527626   1.417179   1.415170   Brent hashing with one passbit
0.758755   1.534987   1.427410   1.425303   Brent hashing with one passbit
0.762646   1.538605   1.434172   1.432037   Brent hashing with one passbit
0.766537   1.544332   1.441835   1.439666   Brent hashing with one passbit
0.770428   1.550376   1.449593   1.447378   Brent hashing with one passbit
0.774319   1.553158   1.454647   1.452377   Brent hashing with one passbit
0.778210   1.561710   1.467169   1.464870   Brent hashing with one passbit
0.782101   1.567229   1.475678   1.473289   Brent hashing with one passbit
0.785992   1.571181   1.482366   1.479928   Brent hashing with one passbit
0.789883   1.576800   1.489150   1.486740   Brent hashing with one passbit
0.793774   1.584426   1.500644   1.498078   Brent hashing with one passbit
0.797665   1.589293   1.509981   1.507426   Brent hashing with one passbit
0.801556   1.594269   1.518187   1.515568   Brent hashing with one passbit
0.805447   1.602278   1.529863   1.527180   Brent hashing with one passbit
0.809339   1.607572   1.539094   1.536285   Brent hashing with one passbit
0.813230   1.613280   1.548821   1.545920   Brent hashing with one passbit
0.817121   1.620314   1.557926   1.554952   Brent hashing with one passbit
0.821012   1.626467   1.569518   1.566574   Brent hashing with one passbit
0.824903   1.634575   1.582077   1.578957   Brent hashing with one passbit
0.828794   1.640138   1.592288   1.589309   Brent hashing with one passbit
0.832685   1.646423   1.603887   1.600749   Brent hashing with one passbit
0.836576   1.654133   1.615592   1.612232   Brent hashing with one passbit
0.840467   1.659116   1.625968   1.622581   Brent hashing with one passbit
0.844358   1.664703   1.638264   1.634976   Brent hashing with one passbit
0.848249   1.676853   1.654259   1.650725   Brent hashing with one passbit
0.852140   1.684112   1.669973   1.666302   Brent hashing with one passbit
0.856031   1.689507   1.679313   1.675652   Brent hashing with one passbit
0.859922   1.696842   1.694220   1.690437   Brent hashing with one passbit
0.863813   1.705378   1.708376   1.704450   Brent hashing with one passbit
0.867704   1.715753   1.725591   1.721471   Brent hashing with one passbit
0.871595   1.724500   1.743074   1.738861   Brent hashing with one passbit
0.875486   1.734284   1.762470   1.758221   Brent hashing with one passbit
0.879377   1.742153   1.776701   1.772229   Brent hashing with one passbit
0.883268   1.751535   1.796156   1.791800   Brent hashing with one passbit
0.887160   1.759217   1.812269   1.807557   Brent hashing with one passbit
0.891051   1.769902   1.832797   1.827919   Brent hashing with one passbit
0.894942   1.779130   1.850428   1.845307   Brent hashing with one passbit
0.898833   1.788558   1.870550   1.865590   Brent hashing with one passbit
0.902724   1.800153   1.891419   1.885949   Brent hashing with one passbit
0.906615   1.812373   1.920515   1.915030   Brent hashing with one passbit
0.910506   1.820647   1.935759   1.929998   Brent hashing with one passbit
0.914397   1.834117   1.965294   1.959437   Brent hashing with one passbit
0.918288   1.843708   1.985521   1.979449   Brent hashing with one passbit
0.922179   1.853880   2.010491   2.004135   Brent hashing with one passbit
0.926070   1.869798   2.043162   2.036368   Brent hashing with one passbit
0.929961   1.880582   2.071282   2.064271   Brent hashing with one passbit
0.933852   1.894192   2.101015   2.093860   Brent hashing with one passbit
0.937743   1.910579   2.138595   2.131104   Brent hashing with one passbit
0.941634   1.922285   2.169695   2.161727   Brent hashing with one passbit
0.945525   1.937833   2.207362   2.199201   Brent hashing with one passbit
0.949416   1.955838   2.252097   2.243965   Brent hashing with one passbit
0.953307   1.971984   2.288856   2.280044   Brent hashing with one passbit
0.957198   1.991118   2.340033   2.330982   Brent hashing with one passbit
0.961089   2.004409   2.378991   2.369577   Brent hashing with one passbit
0.964981   2.028595   2.439785   2.429516   Brent hashing with one passbit
0.968872   2.046181   2.498917   2.487532   Brent hashing with one passbit
0.972763   2.071472   2.553326   2.541864   Brent hashing with one passbit
0.976654   2.097482   2.634149   2.621885   Brent hashing with one passbit
0.980545   2.123062   2.715331   2.702254   Brent hashing with one passbit
0.984436   2.156563   2.816105   2.801445   Brent hashing with one passbit
0.988327   2.189689   2.918901   2.903528   Brent hashing with one passbit
0.992218   2.231292   3.067459   3.050543   Brent hashing with one passbit
0.996109   2.284832   3.245277   3.227078   Brent hashing with one passbit
1.000000   2.363988   3.557639   3.536965   Brent hashing with one passbit
